<?xml version="1.0" encoding="UTF-8"?>
<coverage generated="1593645838872" clover="3.2.0">
  <project timestamp="1593645838872" name="All files">
    <metrics statements="110" coveredstatements="109" conditionals="109" coveredconditionals="107" methods="5" coveredmethods="5" elements="224" coveredelements="221" complexity="0" loc="110" ncloc="110" packages="1" files="1" classes="1"/>
    <file name="serialize.js" path="C:\Users\herbr\OneDrive\Documents\GitHub\form-serialize-improved\serialize.js">
      <metrics statements="110" coveredstatements="109" conditionals="109" coveredconditionals="107" methods="5" coveredmethods="5"/>
      <line num="6" count="1" type="stmt"/>
      <line num="9" count="1" type="stmt"/>
      <line num="12" count="1" type="stmt"/>
      <line num="26" count="110" type="cond" truecount="2" falsecount="0"/>
      <line num="27" count="27" type="stmt"/>
      <line num="29" count="83" type="cond" truecount="2" falsecount="0"/>
      <line num="30" count="1" type="stmt"/>
      <line num="33" count="110" type="cond" truecount="2" falsecount="0"/>
      <line num="34" count="110" type="cond" truecount="4" falsecount="0"/>
      <line num="36" count="110" type="cond" truecount="4" falsecount="0"/>
      <line num="39" count="110" type="stmt"/>
      <line num="41" count="110" type="stmt"/>
      <line num="44" count="198" type="cond" truecount="5" falsecount="0"/>
      <line num="45" count="9" type="stmt"/>
      <line num="48" count="189" type="cond" truecount="4" falsecount="0"/>
      <line num="50" count="4" type="stmt"/>
      <line num="53" count="185" type="stmt"/>
      <line num="54" count="185" type="stmt"/>
      <line num="55" count="185" type="stmt"/>
      <line num="57" count="185" type="cond" truecount="4" falsecount="0"/>
      <line num="59" count="6" type="cond" truecount="1" falsecount="1"/>
      <line num="60" count="6" type="stmt"/>
      <line num="61" count="6" type="stmt"/>
      <line num="63" count="47" type="cond" truecount="2" falsecount="0"/>
      <line num="64" count="6" type="cond" truecount="1" falsecount="1"/>
      <line num="65" count="0" type="stmt"/>
      <line num="67" count="6" type="stmt"/>
      <line num="70" count="41" type="cond" truecount="2" falsecount="0"/>
      <line num="71" count="13" type="stmt"/>
      <line num="74" count="47" type="stmt"/>
      <line num="77" count="40" type="cond" truecount="4" falsecount="0"/>
      <line num="78" count="10" type="stmt"/>
      <line num="80" count="30" type="cond" truecount="2" falsecount="0"/>
      <line num="81" count="15" type="stmt"/>
      <line num="83" count="40" type="cond" truecount="2" falsecount="0"/>
      <line num="84" count="25" type="stmt"/>
      <line num="85" count="25" type="stmt"/>
      <line num="87" count="15" type="stmt"/>
      <line num="91" count="13" type="cond" truecount="6" falsecount="0"/>
      <line num="92" count="2" type="stmt"/>
      <line num="94" count="11" type="stmt"/>
      <line num="95" count="11" type="stmt"/>
      <line num="96" count="11" type="stmt"/>
      <line num="97" count="11" type="stmt"/>
      <line num="98" count="42" type="cond" truecount="3" falsecount="0"/>
      <line num="99" count="42" type="cond" truecount="2" falsecount="0"/>
      <line num="100" count="42" type="cond" truecount="4" falsecount="0"/>
      <line num="101" count="21" type="stmt"/>
      <line num="108" count="21" type="cond" truecount="4" falsecount="0"/>
      <line num="109" count="17" type="stmt"/>
      <line num="112" count="4" type="stmt"/>
      <line num="118" count="11" type="cond" truecount="5" falsecount="0"/>
      <line num="119" count="3" type="stmt"/>
      <line num="121" count="11" type="stmt"/>
      <line num="124" count="147" type="cond" truecount="6" falsecount="0"/>
      <line num="125" count="20" type="stmt"/>
      <line num="127" count="127" type="stmt"/>
      <line num="131" count="110" type="cond" truecount="4" falsecount="0"/>
      <line num="132" count="48" type="stmt"/>
      <line num="133" count="9" type="cond" truecount="2" falsecount="0"/>
      <line num="134" count="3" type="stmt"/>
      <line num="138" count="110" type="stmt"/>
      <line num="143" count="104" type="stmt"/>
      <line num="148" count="104" type="cond" truecount="2" falsecount="0"/>
      <line num="149" count="63" type="stmt"/>
      <line num="150" count="63" type="stmt"/>
      <line num="154" count="41" type="stmt"/>
      <line num="162" count="41" type="cond" truecount="2" falsecount="0"/>
      <line num="163" count="3" type="cond" truecount="2" falsecount="0"/>
      <line num="164" count="2" type="stmt"/>
      <line num="167" count="3" type="stmt"/>
      <line num="170" count="38" type="stmt"/>
      <line num="173" count="104" type="stmt"/>
      <line num="176" count="63" type="stmt"/>
      <line num="177" count="63" type="stmt"/>
      <line num="178" count="63" type="stmt"/>
      <line num="179" count="63" type="stmt"/>
      <line num="181" count="63" type="cond" truecount="2" falsecount="0"/>
      <line num="182" count="61" type="stmt"/>
      <line num="185" count="63" type="stmt"/>
      <line num="186" count="105" type="stmt"/>
      <line num="188" count="63" type="stmt"/>
      <line num="192" count="229" type="cond" truecount="2" falsecount="0"/>
      <line num="193" count="63" type="stmt"/>
      <line num="194" count="63" type="stmt"/>
      <line num="197" count="166" type="stmt"/>
      <line num="198" count="166" type="stmt"/>
      <line num="200" count="166" type="cond" truecount="2" falsecount="0"/>
      <line num="201" count="35" type="cond" truecount="2" falsecount="0"/>
      <line num="203" count="35" type="cond" truecount="2" falsecount="0"/>
      <line num="204" count="34" type="stmt"/>
      <line num="212" count="1" type="cond" truecount="2" falsecount="0"/>
      <line num="213" count="1" type="stmt"/>
      <line num="216" count="35" type="stmt"/>
      <line num="220" count="131" type="cond" truecount="2" falsecount="0"/>
      <line num="221" count="61" type="stmt"/>
      <line num="224" count="70" type="stmt"/>
      <line num="228" count="70" type="stmt"/>
      <line num="232" count="70" type="cond" truecount="2" falsecount="0"/>
      <line num="233" count="63" type="cond" truecount="2" falsecount="0"/>
      <line num="234" count="63" type="stmt"/>
      <line num="237" count="7" type="cond" truecount="2" falsecount="0"/>
      <line num="238" count="7" type="stmt"/>
      <line num="241" count="131" type="stmt"/>
      <line num="247" count="49" type="cond" truecount="2" falsecount="0"/>
      <line num="248" count="46" type="stmt"/>
      <line num="249" count="46" type="stmt"/>
      <line num="252" count="46" type="stmt"/>
      <line num="255" count="49" type="cond" truecount="2" falsecount="0"/>
      <line num="258" count="1" type="stmt"/>
    </file>
  </project>
</coverage>
