<?xml version="1.0" encoding="UTF-8"?>
<coverage generated="1592222398493" clover="3.2.0">
  <project timestamp="1592222398493" name="All files">
    <metrics statements="106" coveredstatements="106" conditionals="104" coveredconditionals="104" methods="5" coveredmethods="5" elements="215" coveredelements="215" complexity="0" loc="106" ncloc="106" packages="1" files="1" classes="1"/>
    <file name="serialize.js" path="C:\ws\form-serialize-improved\serialize.js">
      <metrics statements="106" coveredstatements="106" conditionals="104" coveredconditionals="104" methods="5" coveredmethods="5"/>
      <line num="6" count="1" type="stmt"/>
      <line num="9" count="1" type="stmt"/>
      <line num="12" count="1" type="stmt"/>
      <line num="26" count="93" type="cond" truecount="2" falsecount="0"/>
      <line num="27" count="27" type="stmt"/>
      <line num="29" count="66" type="cond" truecount="2" falsecount="0"/>
      <line num="30" count="1" type="stmt"/>
      <line num="33" count="93" type="cond" truecount="2" falsecount="0"/>
      <line num="34" count="93" type="cond" truecount="4" falsecount="0"/>
      <line num="36" count="93" type="cond" truecount="4" falsecount="0"/>
      <line num="39" count="93" type="stmt"/>
      <line num="41" count="93" type="stmt"/>
      <line num="42" count="171" type="stmt"/>
      <line num="45" count="171" type="cond" truecount="5" falsecount="0"/>
      <line num="46" count="9" type="stmt"/>
      <line num="49" count="162" type="cond" truecount="4" falsecount="0"/>
      <line num="51" count="4" type="stmt"/>
      <line num="54" count="158" type="stmt"/>
      <line num="55" count="158" type="stmt"/>
      <line num="56" count="158" type="stmt"/>
      <line num="57" count="158" type="cond" truecount="4" falsecount="0"/>
      <line num="58" count="5" type="stmt"/>
      <line num="63" count="158" type="cond" truecount="5" falsecount="0"/>
      <line num="64" count="34" type="stmt"/>
      <line num="68" count="158" type="cond" truecount="2" falsecount="0"/>
      <line num="70" count="46" type="cond" truecount="4" falsecount="0"/>
      <line num="71" count="4" type="stmt"/>
      <line num="75" count="46" type="cond" truecount="2" falsecount="0"/>
      <line num="76" count="12" type="cond" truecount="4" falsecount="0"/>
      <line num="77" count="4" type="stmt"/>
      <line num="79" count="8" type="cond" truecount="2" falsecount="0"/>
      <line num="80" count="4" type="stmt"/>
      <line num="85" count="46" type="cond" truecount="4" falsecount="0"/>
      <line num="86" count="8" type="stmt"/>
      <line num="91" count="112" type="cond" truecount="2" falsecount="0"/>
      <line num="92" count="35" type="stmt"/>
      <line num="97" count="115" type="cond" truecount="2" falsecount="0"/>
      <line num="98" count="9" type="stmt"/>
      <line num="100" count="9" type="stmt"/>
      <line num="101" count="9" type="stmt"/>
      <line num="102" count="9" type="stmt"/>
      <line num="103" count="33" type="stmt"/>
      <line num="104" count="33" type="cond" truecount="2" falsecount="0"/>
      <line num="105" count="33" type="cond" truecount="2" falsecount="0"/>
      <line num="106" count="33" type="cond" truecount="4" falsecount="0"/>
      <line num="107" count="17" type="stmt"/>
      <line num="114" count="17" type="cond" truecount="4" falsecount="0"/>
      <line num="115" count="13" type="stmt"/>
      <line num="118" count="4" type="stmt"/>
      <line num="124" count="9" type="cond" truecount="4" falsecount="0"/>
      <line num="125" count="2" type="stmt"/>
      <line num="128" count="9" type="stmt"/>
      <line num="131" count="106" type="stmt"/>
      <line num="135" count="93" type="cond" truecount="2" falsecount="0"/>
      <line num="136" count="31" type="stmt"/>
      <line num="137" count="6" type="cond" truecount="2" falsecount="0"/>
      <line num="138" count="2" type="stmt"/>
      <line num="143" count="93" type="stmt"/>
      <line num="147" count="49" type="stmt"/>
      <line num="148" count="49" type="stmt"/>
      <line num="149" count="49" type="stmt"/>
      <line num="150" count="49" type="stmt"/>
      <line num="152" count="49" type="cond" truecount="2" falsecount="0"/>
      <line num="153" count="47" type="stmt"/>
      <line num="156" count="49" type="stmt"/>
      <line num="157" count="82" type="stmt"/>
      <line num="160" count="49" type="stmt"/>
      <line num="164" count="178" type="cond" truecount="2" falsecount="0"/>
      <line num="165" count="49" type="stmt"/>
      <line num="166" count="49" type="stmt"/>
      <line num="169" count="129" type="stmt"/>
      <line num="170" count="129" type="stmt"/>
      <line num="172" count="129" type="cond" truecount="2" falsecount="0"/>
      <line num="173" count="28" type="cond" truecount="2" falsecount="0"/>
      <line num="175" count="28" type="cond" truecount="2" falsecount="0"/>
      <line num="176" count="27" type="stmt"/>
      <line num="184" count="1" type="cond" truecount="2" falsecount="0"/>
      <line num="185" count="1" type="stmt"/>
      <line num="188" count="28" type="stmt"/>
      <line num="192" count="101" type="cond" truecount="2" falsecount="0"/>
      <line num="193" count="47" type="stmt"/>
      <line num="196" count="54" type="stmt"/>
      <line num="200" count="54" type="stmt"/>
      <line num="204" count="54" type="cond" truecount="2" falsecount="0"/>
      <line num="205" count="47" type="cond" truecount="2" falsecount="0"/>
      <line num="206" count="47" type="stmt"/>
      <line num="209" count="7" type="cond" truecount="2" falsecount="0"/>
      <line num="210" count="7" type="stmt"/>
      <line num="214" count="101" type="stmt"/>
      <line num="219" count="77" type="stmt"/>
      <line num="224" count="77" type="cond" truecount="2" falsecount="0"/>
      <line num="225" count="49" type="stmt"/>
      <line num="226" count="49" type="stmt"/>
      <line num="230" count="28" type="stmt"/>
      <line num="238" count="28" type="cond" truecount="2" falsecount="0"/>
      <line num="239" count="3" type="cond" truecount="2" falsecount="0"/>
      <line num="240" count="2" type="stmt"/>
      <line num="243" count="3" type="stmt"/>
      <line num="246" count="25" type="stmt"/>
      <line num="250" count="77" type="stmt"/>
      <line num="255" count="49" type="cond" truecount="2" falsecount="0"/>
      <line num="256" count="46" type="stmt"/>
      <line num="257" count="46" type="stmt"/>
      <line num="260" count="46" type="stmt"/>
      <line num="263" count="49" type="cond" truecount="2" falsecount="0"/>
      <line num="269" count="1" type="stmt"/>
    </file>
  </project>
</coverage>
