{"C:\\Users\\herbr\\OneDrive\\Documents\\GitHub\\form-serialize-improved\\serialize.js": {"path":"C:\\Users\\herbr\\OneDrive\\Documents\\GitHub\\form-serialize-improved\\serialize.js","statementMap":{"0":{"start":{"line":6,"column":22},"end":{"line":6,"column":61}},"1":{"start":{"line":9,"column":28},"end":{"line":9,"column":64}},"2":{"start":{"line":12,"column":17},"end":{"line":12,"column":34}},"3":{"start":{"line":26,"column":4},"end":{"line":31,"column":5}},"4":{"start":{"line":27,"column":8},"end":{"line":27,"column":38}},"5":{"start":{"line":29,"column":9},"end":{"line":31,"column":5}},"6":{"start":{"line":30,"column":8},"end":{"line":30,"column":28}},"7":{"start":{"line":33,"column":17},"end":{"line":33,"column":41}},"8":{"start":{"line":34,"column":23},"end":{"line":34,"column":95}},"9":{"start":{"line":36,"column":21},"end":{"line":36,"column":63}},"10":{"start":{"line":39,"column":24},"end":{"line":39,"column":43}},"11":{"start":{"line":41,"column":4},"end":{"line":128,"column":5}},"12":{"start":{"line":44,"column":8},"end":{"line":46,"column":9}},"13":{"start":{"line":45,"column":12},"end":{"line":45,"column":21}},"14":{"start":{"line":48,"column":8},"end":{"line":51,"column":9}},"15":{"start":{"line":50,"column":12},"end":{"line":50,"column":21}},"16":{"start":{"line":53,"column":20},"end":{"line":53,"column":32}},"17":{"start":{"line":54,"column":21},"end":{"line":54,"column":33}},"18":{"start":{"line":55,"column":18},"end":{"line":55,"column":31}},"19":{"start":{"line":57,"column":8},"end":{"line":123,"column":9}},"20":{"start":{"line":59,"column":16},"end":{"line":60,"column":38}},"21":{"start":{"line":60,"column":20},"end":{"line":60,"column":38}},"22":{"start":{"line":61,"column":16},"end":{"line":61,"column":22}},"23":{"start":{"line":63,"column":16},"end":{"line":73,"column":17}},"24":{"start":{"line":64,"column":20},"end":{"line":67,"column":42}},"25":{"start":{"line":65,"column":24},"end":{"line":65,"column":38}},"26":{"start":{"line":67,"column":20},"end":{"line":67,"column":42}},"27":{"start":{"line":70,"column":20},"end":{"line":72,"column":21}},"28":{"start":{"line":71,"column":24},"end":{"line":71,"column":33}},"29":{"start":{"line":74,"column":16},"end":{"line":74,"column":22}},"30":{"start":{"line":77,"column":16},"end":{"line":82,"column":17}},"31":{"start":{"line":78,"column":20},"end":{"line":78,"column":45}},"32":{"start":{"line":80,"column":21},"end":{"line":82,"column":17}},"33":{"start":{"line":81,"column":20},"end":{"line":81,"column":44}},"34":{"start":{"line":83,"column":16},"end":{"line":86,"column":17}},"35":{"start":{"line":84,"column":20},"end":{"line":84,"column":36}},"36":{"start":{"line":85,"column":20},"end":{"line":85,"column":29}},"37":{"start":{"line":87,"column":16},"end":{"line":87,"column":22}},"38":{"start":{"line":91,"column":16},"end":{"line":93,"column":17}},"39":{"start":{"line":92,"column":20},"end":{"line":92,"column":29}},"40":{"start":{"line":94,"column":16},"end":{"line":94,"column":25}},"41":{"start":{"line":95,"column":38},"end":{"line":95,"column":53}},"42":{"start":{"line":96,"column":40},"end":{"line":96,"column":45}},"43":{"start":{"line":97,"column":16},"end":{"line":115,"column":17}},"44":{"start":{"line":98,"column":41},"end":{"line":98,"column":93}},"45":{"start":{"line":99,"column":38},"end":{"line":99,"column":66}},"46":{"start":{"line":100,"column":20},"end":{"line":114,"column":21}},"47":{"start":{"line":101,"column":24},"end":{"line":101,"column":49}},"48":{"start":{"line":108,"column":24},"end":{"line":113,"column":25}},"49":{"start":{"line":109,"column":28},"end":{"line":109,"column":82}},"50":{"start":{"line":112,"column":28},"end":{"line":112,"column":75}},"51":{"start":{"line":118,"column":16},"end":{"line":120,"column":17}},"52":{"start":{"line":119,"column":20},"end":{"line":119,"column":57}},"53":{"start":{"line":121,"column":16},"end":{"line":121,"column":25}},"54":{"start":{"line":124,"column":8},"end":{"line":126,"column":9}},"55":{"start":{"line":125,"column":12},"end":{"line":125,"column":21}},"56":{"start":{"line":127,"column":8},"end":{"line":127,"column":46}},"57":{"start":{"line":131,"column":4},"end":{"line":137,"column":5}},"58":{"start":{"line":132,"column":8},"end":{"line":136,"column":9}},"59":{"start":{"line":133,"column":12},"end":{"line":135,"column":13}},"60":{"start":{"line":134,"column":16},"end":{"line":134,"column":53}},"61":{"start":{"line":138,"column":4},"end":{"line":138,"column":18}},"62":{"start":{"line":143,"column":24},"end":{"line":143,"column":43}},"63":{"start":{"line":148,"column":8},"end":{"line":172,"column":9}},"64":{"start":{"line":149,"column":25},"end":{"line":149,"column":40}},"65":{"start":{"line":150,"column":12},"end":{"line":150,"column":45}},"66":{"start":{"line":154,"column":29},"end":{"line":154,"column":40}},"67":{"start":{"line":162,"column":12},"end":{"line":171,"column":13}},"68":{"start":{"line":163,"column":16},"end":{"line":165,"column":17}},"69":{"start":{"line":164,"column":20},"end":{"line":164,"column":45}},"70":{"start":{"line":167,"column":16},"end":{"line":167,"column":40}},"71":{"start":{"line":170,"column":16},"end":{"line":170,"column":36}},"72":{"start":{"line":173,"column":8},"end":{"line":173,"column":22}},"73":{"start":{"line":176,"column":25},"end":{"line":176,"column":27}},"74":{"start":{"line":177,"column":27},"end":{"line":177,"column":40}},"75":{"start":{"line":178,"column":29},"end":{"line":178,"column":49}},"76":{"start":{"line":179,"column":24},"end":{"line":179,"column":43}},"77":{"start":{"line":181,"column":12},"end":{"line":183,"column":13}},"78":{"start":{"line":182,"column":16},"end":{"line":182,"column":36}},"79":{"start":{"line":185,"column":12},"end":{"line":187,"column":13}},"80":{"start":{"line":186,"column":16},"end":{"line":186,"column":36}},"81":{"start":{"line":188,"column":12},"end":{"line":188,"column":24}},"82":{"start":{"line":192,"column":12},"end":{"line":195,"column":13}},"83":{"start":{"line":193,"column":16},"end":{"line":193,"column":31}},"84":{"start":{"line":194,"column":16},"end":{"line":194,"column":30}},"85":{"start":{"line":197,"column":24},"end":{"line":197,"column":36}},"86":{"start":{"line":198,"column":28},"end":{"line":198,"column":52}},"87":{"start":{"line":200,"column":12},"end":{"line":217,"column":13}},"88":{"start":{"line":201,"column":16},"end":{"line":201,"column":38}},"89":{"start":{"line":203,"column":16},"end":{"line":214,"column":17}},"90":{"start":{"line":204,"column":20},"end":{"line":204,"column":64}},"91":{"start":{"line":212,"column":20},"end":{"line":212,"column":58}},"92":{"start":{"line":213,"column":20},"end":{"line":213,"column":72}},"93":{"start":{"line":216,"column":16},"end":{"line":216,"column":30}},"94":{"start":{"line":220,"column":12},"end":{"line":240,"column":13}},"95":{"start":{"line":221,"column":16},"end":{"line":221,"column":68}},"96":{"start":{"line":224,"column":31},"end":{"line":224,"column":41}},"97":{"start":{"line":228,"column":30},"end":{"line":228,"column":37}},"98":{"start":{"line":232,"column":16},"end":{"line":239,"column":17}},"99":{"start":{"line":233,"column":20},"end":{"line":233,"column":42}},"100":{"start":{"line":234,"column":20},"end":{"line":234,"column":78}},"101":{"start":{"line":237,"column":20},"end":{"line":237,"column":42}},"102":{"start":{"line":238,"column":20},"end":{"line":238,"column":76}},"103":{"start":{"line":241,"column":12},"end":{"line":241,"column":26}},"104":{"start":{"line":247,"column":8},"end":{"line":253,"column":9}},"105":{"start":{"line":248,"column":12},"end":{"line":248,"column":54}},"106":{"start":{"line":249,"column":12},"end":{"line":249,"column":46}},"107":{"start":{"line":252,"column":12},"end":{"line":252,"column":47}},"108":{"start":{"line":255,"column":8},"end":{"line":255,"column":84}},"109":{"start":{"line":258,"column":0},"end":{"line":258,"column":27}}},"fnMap":{"0":{"name":"serialize","decl":{"start":{"line":25,"column":9},"end":{"line":25,"column":18}},"loc":{"start":{"line":25,"column":34},"end":{"line":257,"column":1}},"line":25},"1":{"name":"hash_serializer","decl":{"start":{"line":142,"column":13},"end":{"line":142,"column":28}},"loc":{"start":{"line":142,"column":49},"end":{"line":243,"column":5}},"line":142},"2":{"name":"parse_keys","decl":{"start":{"line":175,"column":17},"end":{"line":175,"column":27}},"loc":{"start":{"line":175,"column":36},"end":{"line":189,"column":9}},"line":175},"3":{"name":"hash_assign","decl":{"start":{"line":191,"column":17},"end":{"line":191,"column":28}},"loc":{"start":{"line":191,"column":50},"end":{"line":242,"column":9}},"line":191},"4":{"name":"str_serialize","decl":{"start":{"line":246,"column":13},"end":{"line":246,"column":26}},"loc":{"start":{"line":246,"column":47},"end":{"line":256,"column":5}},"line":246}},"branchMap":{"0":{"loc":{"start":{"line":26,"column":4},"end":{"line":31,"column":5}},"type":"if","locations":[{"start":{"line":26,"column":4},"end":{"line":31,"column":5}},{"start":{"line":26,"column":4},"end":{"line":31,"column":5}}],"line":26},"1":{"loc":{"start":{"line":29,"column":9},"end":{"line":31,"column":5}},"type":"if","locations":[{"start":{"line":29,"column":9},"end":{"line":31,"column":5}},{"start":{"line":29,"column":9},"end":{"line":31,"column":5}}],"line":29},"2":{"loc":{"start":{"line":33,"column":17},"end":{"line":33,"column":41}},"type":"cond-expr","locations":[{"start":{"line":33,"column":34},"end":{"line":33,"column":36}},{"start":{"line":33,"column":39},"end":{"line":33,"column":41}}],"line":33},"3":{"loc":{"start":{"line":34,"column":23},"end":{"line":34,"column":95}},"type":"binary-expr","locations":[{"start":{"line":34,"column":23},"end":{"line":34,"column":41}},{"start":{"line":34,"column":46},"end":{"line":34,"column":94}}],"line":34},"4":{"loc":{"start":{"line":34,"column":46},"end":{"line":34,"column":94}},"type":"cond-expr","locations":[{"start":{"line":34,"column":63},"end":{"line":34,"column":78}},{"start":{"line":34,"column":81},"end":{"line":34,"column":94}}],"line":34},"5":{"loc":{"start":{"line":36,"column":21},"end":{"line":36,"column":63}},"type":"cond-expr","locations":[{"start":{"line":36,"column":45},"end":{"line":36,"column":58}},{"start":{"line":36,"column":61},"end":{"line":36,"column":63}}],"line":36},"6":{"loc":{"start":{"line":36,"column":21},"end":{"line":36,"column":42}},"type":"binary-expr","locations":[{"start":{"line":36,"column":21},"end":{"line":36,"column":25}},{"start":{"line":36,"column":29},"end":{"line":36,"column":42}}],"line":36},"7":{"loc":{"start":{"line":44,"column":8},"end":{"line":46,"column":9}},"type":"if","locations":[{"start":{"line":44,"column":8},"end":{"line":46,"column":9}},{"start":{"line":44,"column":8},"end":{"line":46,"column":9}}],"line":44},"8":{"loc":{"start":{"line":44,"column":12},"end":{"line":44,"column":68}},"type":"binary-expr","locations":[{"start":{"line":44,"column":13},"end":{"line":44,"column":30}},{"start":{"line":44,"column":34},"end":{"line":44,"column":50}},{"start":{"line":44,"column":55},"end":{"line":44,"column":68}}],"line":44},"9":{"loc":{"start":{"line":48,"column":8},"end":{"line":51,"column":9}},"type":"if","locations":[{"start":{"line":48,"column":8},"end":{"line":51,"column":9}},{"start":{"line":48,"column":8},"end":{"line":51,"column":9}}],"line":48},"10":{"loc":{"start":{"line":48,"column":12},"end":{"line":49,"column":44}},"type":"binary-expr","locations":[{"start":{"line":48,"column":12},"end":{"line":48,"column":55}},{"start":{"line":49,"column":12},"end":{"line":49,"column":44}}],"line":48},"11":{"loc":{"start":{"line":57,"column":8},"end":{"line":123,"column":9}},"type":"switch","locations":[{"start":{"line":58,"column":12},"end":{"line":61,"column":22}},{"start":{"line":62,"column":12},"end":{"line":74,"column":22}},{"start":{"line":76,"column":12},"end":{"line":88,"column":13}},{"start":{"line":90,"column":12},"end":{"line":122,"column":13}}],"line":57},"12":{"loc":{"start":{"line":59,"column":16},"end":{"line":60,"column":38}},"type":"if","locations":[{"start":{"line":59,"column":16},"end":{"line":60,"column":38}},{"start":{"line":59,"column":16},"end":{"line":60,"column":38}}],"line":59},"13":{"loc":{"start":{"line":63,"column":16},"end":{"line":73,"column":17}},"type":"if","locations":[{"start":{"line":63,"column":16},"end":{"line":73,"column":17}},{"start":{"line":63,"column":16},"end":{"line":73,"column":17}}],"line":63},"14":{"loc":{"start":{"line":64,"column":20},"end":{"line":67,"column":42}},"type":"if","locations":[{"start":{"line":64,"column":20},"end":{"line":67,"column":42}},{"start":{"line":64,"column":20},"end":{"line":67,"column":42}}],"line":64},"15":{"loc":{"start":{"line":70,"column":20},"end":{"line":72,"column":21}},"type":"if","locations":[{"start":{"line":70,"column":20},"end":{"line":72,"column":21}},{"start":{"line":70,"column":20},"end":{"line":72,"column":21}}],"line":70},"16":{"loc":{"start":{"line":77,"column":16},"end":{"line":82,"column":17}},"type":"if","locations":[{"start":{"line":77,"column":16},"end":{"line":82,"column":17}},{"start":{"line":77,"column":16},"end":{"line":82,"column":17}}],"line":77},"17":{"loc":{"start":{"line":77,"column":20},"end":{"line":77,"column":57}},"type":"binary-expr","locations":[{"start":{"line":77,"column":20},"end":{"line":77,"column":37}},{"start":{"line":77,"column":41},"end":{"line":77,"column":57}}],"line":77},"18":{"loc":{"start":{"line":80,"column":21},"end":{"line":82,"column":17}},"type":"if","locations":[{"start":{"line":80,"column":21},"end":{"line":82,"column":17}},{"start":{"line":80,"column":21},"end":{"line":82,"column":17}}],"line":80},"19":{"loc":{"start":{"line":83,"column":16},"end":{"line":86,"column":17}},"type":"if","locations":[{"start":{"line":83,"column":16},"end":{"line":86,"column":17}},{"start":{"line":83,"column":16},"end":{"line":86,"column":17}}],"line":83},"20":{"loc":{"start":{"line":91,"column":16},"end":{"line":93,"column":17}},"type":"if","locations":[{"start":{"line":91,"column":16},"end":{"line":93,"column":17}},{"start":{"line":91,"column":16},"end":{"line":93,"column":17}}],"line":91},"21":{"loc":{"start":{"line":91,"column":20},"end":{"line":91,"column":64}},"type":"binary-expr","locations":[{"start":{"line":91,"column":20},"end":{"line":91,"column":56}},{"start":{"line":91,"column":60},"end":{"line":91,"column":64}}],"line":91},"22":{"loc":{"start":{"line":91,"column":22},"end":{"line":91,"column":55}},"type":"binary-expr","locations":[{"start":{"line":91,"column":22},"end":{"line":91,"column":35}},{"start":{"line":91,"column":39},"end":{"line":91,"column":55}}],"line":91},"23":{"loc":{"start":{"line":98,"column":41},"end":{"line":98,"column":93}},"type":"binary-expr","locations":[{"start":{"line":98,"column":42},"end":{"line":98,"column":55}},{"start":{"line":98,"column":59},"end":{"line":98,"column":75}},{"start":{"line":98,"column":80},"end":{"line":98,"column":93}}],"line":98},"24":{"loc":{"start":{"line":99,"column":38},"end":{"line":99,"column":66}},"type":"binary-expr","locations":[{"start":{"line":99,"column":38},"end":{"line":99,"column":50}},{"start":{"line":99,"column":54},"end":{"line":99,"column":66}}],"line":99},"25":{"loc":{"start":{"line":100,"column":20},"end":{"line":114,"column":21}},"type":"if","locations":[{"start":{"line":100,"column":20},"end":{"line":114,"column":21}},{"start":{"line":100,"column":20},"end":{"line":114,"column":21}}],"line":100},"26":{"loc":{"start":{"line":100,"column":24},"end":{"line":100,"column":51}},"type":"binary-expr","locations":[{"start":{"line":100,"column":24},"end":{"line":100,"column":39}},{"start":{"line":100,"column":43},"end":{"line":100,"column":51}}],"line":100},"27":{"loc":{"start":{"line":108,"column":24},"end":{"line":113,"column":25}},"type":"if","locations":[{"start":{"line":108,"column":24},"end":{"line":113,"column":25}},{"start":{"line":108,"column":24},"end":{"line":113,"column":25}}],"line":108},"28":{"loc":{"start":{"line":108,"column":28},"end":{"line":108,"column":78}},"type":"binary-expr","locations":[{"start":{"line":108,"column":28},"end":{"line":108,"column":40}},{"start":{"line":108,"column":44},"end":{"line":108,"column":78}}],"line":108},"29":{"loc":{"start":{"line":118,"column":16},"end":{"line":120,"column":17}},"type":"if","locations":[{"start":{"line":118,"column":16},"end":{"line":120,"column":17}},{"start":{"line":118,"column":16},"end":{"line":120,"column":17}}],"line":118},"30":{"loc":{"start":{"line":118,"column":20},"end":{"line":118,"column":77}},"type":"binary-expr","locations":[{"start":{"line":118,"column":20},"end":{"line":118,"column":38}},{"start":{"line":118,"column":43},"end":{"line":118,"column":56}},{"start":{"line":118,"column":60},"end":{"line":118,"column":76}}],"line":118},"31":{"loc":{"start":{"line":124,"column":8},"end":{"line":126,"column":9}},"type":"if","locations":[{"start":{"line":124,"column":8},"end":{"line":126,"column":9}},{"start":{"line":124,"column":8},"end":{"line":126,"column":9}}],"line":124},"32":{"loc":{"start":{"line":124,"column":12},"end":{"line":124,"column":56}},"type":"binary-expr","locations":[{"start":{"line":124,"column":12},"end":{"line":124,"column":48}},{"start":{"line":124,"column":52},"end":{"line":124,"column":56}}],"line":124},"33":{"loc":{"start":{"line":124,"column":14},"end":{"line":124,"column":47}},"type":"binary-expr","locations":[{"start":{"line":124,"column":14},"end":{"line":124,"column":27}},{"start":{"line":124,"column":31},"end":{"line":124,"column":47}}],"line":124},"34":{"loc":{"start":{"line":131,"column":4},"end":{"line":137,"column":5}},"type":"if","locations":[{"start":{"line":131,"column":4},"end":{"line":137,"column":5}},{"start":{"line":131,"column":4},"end":{"line":137,"column":5}}],"line":131},"35":{"loc":{"start":{"line":131,"column":8},"end":{"line":131,"column":41}},"type":"binary-expr","locations":[{"start":{"line":131,"column":8},"end":{"line":131,"column":21}},{"start":{"line":131,"column":25},"end":{"line":131,"column":41}}],"line":131},"36":{"loc":{"start":{"line":133,"column":12},"end":{"line":135,"column":13}},"type":"if","locations":[{"start":{"line":133,"column":12},"end":{"line":135,"column":13}},{"start":{"line":133,"column":12},"end":{"line":135,"column":13}}],"line":133},"37":{"loc":{"start":{"line":148,"column":8},"end":{"line":172,"column":9}},"type":"if","locations":[{"start":{"line":148,"column":8},"end":{"line":172,"column":9}},{"start":{"line":148,"column":8},"end":{"line":172,"column":9}}],"line":148},"38":{"loc":{"start":{"line":162,"column":12},"end":{"line":171,"column":13}},"type":"if","locations":[{"start":{"line":162,"column":12},"end":{"line":171,"column":13}},{"start":{"line":162,"column":12},"end":{"line":171,"column":13}}],"line":162},"39":{"loc":{"start":{"line":163,"column":16},"end":{"line":165,"column":17}},"type":"if","locations":[{"start":{"line":163,"column":16},"end":{"line":165,"column":17}},{"start":{"line":163,"column":16},"end":{"line":165,"column":17}}],"line":163},"40":{"loc":{"start":{"line":181,"column":12},"end":{"line":183,"column":13}},"type":"if","locations":[{"start":{"line":181,"column":12},"end":{"line":183,"column":13}},{"start":{"line":181,"column":12},"end":{"line":183,"column":13}}],"line":181},"41":{"loc":{"start":{"line":192,"column":12},"end":{"line":195,"column":13}},"type":"if","locations":[{"start":{"line":192,"column":12},"end":{"line":195,"column":13}},{"start":{"line":192,"column":12},"end":{"line":195,"column":13}}],"line":192},"42":{"loc":{"start":{"line":200,"column":12},"end":{"line":217,"column":13}},"type":"if","locations":[{"start":{"line":200,"column":12},"end":{"line":217,"column":13}},{"start":{"line":200,"column":12},"end":{"line":217,"column":13}}],"line":200},"43":{"loc":{"start":{"line":201,"column":25},"end":{"line":201,"column":37}},"type":"binary-expr","locations":[{"start":{"line":201,"column":25},"end":{"line":201,"column":31}},{"start":{"line":201,"column":35},"end":{"line":201,"column":37}}],"line":201},"44":{"loc":{"start":{"line":203,"column":16},"end":{"line":214,"column":17}},"type":"if","locations":[{"start":{"line":203,"column":16},"end":{"line":214,"column":17}},{"start":{"line":203,"column":16},"end":{"line":214,"column":17}}],"line":203},"45":{"loc":{"start":{"line":212,"column":37},"end":{"line":212,"column":57}},"type":"binary-expr","locations":[{"start":{"line":212,"column":37},"end":{"line":212,"column":51}},{"start":{"line":212,"column":55},"end":{"line":212,"column":57}}],"line":212},"46":{"loc":{"start":{"line":220,"column":12},"end":{"line":240,"column":13}},"type":"if","locations":[{"start":{"line":220,"column":12},"end":{"line":240,"column":13}},{"start":{"line":220,"column":12},"end":{"line":240,"column":13}}],"line":220},"47":{"loc":{"start":{"line":232,"column":16},"end":{"line":239,"column":17}},"type":"if","locations":[{"start":{"line":232,"column":16},"end":{"line":239,"column":17}},{"start":{"line":232,"column":16},"end":{"line":239,"column":17}}],"line":232},"48":{"loc":{"start":{"line":233,"column":29},"end":{"line":233,"column":41}},"type":"binary-expr","locations":[{"start":{"line":233,"column":29},"end":{"line":233,"column":35}},{"start":{"line":233,"column":39},"end":{"line":233,"column":41}}],"line":233},"49":{"loc":{"start":{"line":237,"column":29},"end":{"line":237,"column":41}},"type":"binary-expr","locations":[{"start":{"line":237,"column":29},"end":{"line":237,"column":35}},{"start":{"line":237,"column":39},"end":{"line":237,"column":41}}],"line":237},"50":{"loc":{"start":{"line":247,"column":8},"end":{"line":253,"column":9}},"type":"if","locations":[{"start":{"line":247,"column":8},"end":{"line":253,"column":9}},{"start":{"line":247,"column":8},"end":{"line":253,"column":9}}],"line":247},"51":{"loc":{"start":{"line":255,"column":25},"end":{"line":255,"column":42}},"type":"cond-expr","locations":[{"start":{"line":255,"column":34},"end":{"line":255,"column":37}},{"start":{"line":255,"column":40},"end":{"line":255,"column":42}}],"line":255}},"s":{"0":1,"1":1,"2":1,"3":110,"4":27,"5":83,"6":1,"7":110,"8":110,"9":110,"10":110,"11":110,"12":198,"13":9,"14":189,"15":4,"16":185,"17":185,"18":185,"19":185,"20":6,"21":6,"22":6,"23":47,"24":6,"25":0,"26":6,"27":41,"28":13,"29":47,"30":40,"31":10,"32":30,"33":15,"34":40,"35":25,"36":25,"37":15,"38":13,"39":2,"40":11,"41":11,"42":11,"43":11,"44":42,"45":42,"46":42,"47":21,"48":21,"49":17,"50":4,"51":11,"52":3,"53":11,"54":147,"55":20,"56":127,"57":110,"58":48,"59":9,"60":3,"61":110,"62":104,"63":104,"64":63,"65":63,"66":41,"67":41,"68":3,"69":2,"70":3,"71":38,"72":104,"73":63,"74":63,"75":63,"76":63,"77":63,"78":61,"79":63,"80":105,"81":63,"82":229,"83":63,"84":63,"85":166,"86":166,"87":166,"88":35,"89":35,"90":34,"91":1,"92":1,"93":35,"94":131,"95":61,"96":70,"97":70,"98":70,"99":63,"100":63,"101":7,"102":7,"103":131,"104":49,"105":46,"106":46,"107":46,"108":49,"109":1},"f":{"0":110,"1":104,"2":63,"3":229,"4":49},"b":{"0":[27,83],"1":[1,82],"2":[67,43],"3":[110,109],"4":[66,43],"5":[100,10],"6":[110,105],"7":[9,189],"8":[198,121,194],"9":[4,185],"10":[189,189],"11":[6,47,40,13],"12":[6,0],"13":[6,41],"14":[0,6],"15":[13,28],"16":[10,30],"17":[40,25],"18":[15,15],"19":[25,15],"20":[2,11],"21":[13,8],"22":[13,10],"23":[42,29,22],"24":[42,6],"25":[21,21],"26":[42,22],"27":[17,4],"28":[21,19],"29":[3,8],"30":[11,3,1],"31":[20,127],"32":[147,91],"33":[147,112],"34":[48,62],"35":[110,79],"36":[3,6],"37":[63,41],"38":[3,38],"39":[2,1],"40":[61,2],"41":[63,166],"42":[35,131],"43":[35,13],"44":[34,1],"45":[1,1],"46":[61,70],"47":[63,7],"48":[63,26],"49":[7,1],"50":[46,3],"51":[20,29]},"_coverageSchema":"1a1c01bbd47fc00a2c39e90264f33305004495a9","hash":"89184f1587aef1b291c36a67814b8f3d069e6974"}
}
