{"C:\\ws\\form-serialize-improved\\serialize.js": {"path":"C:\\ws\\form-serialize-improved\\serialize.js","statementMap":{"0":{"start":{"line":6,"column":20},"end":{"line":6,"column":59}},"1":{"start":{"line":9,"column":26},"end":{"line":9,"column":62}},"2":{"start":{"line":12,"column":15},"end":{"line":12,"column":32}},"3":{"start":{"line":26,"column":4},"end":{"line":31,"column":5}},"4":{"start":{"line":27,"column":8},"end":{"line":27,"column":38}},"5":{"start":{"line":29,"column":9},"end":{"line":31,"column":5}},"6":{"start":{"line":30,"column":8},"end":{"line":30,"column":28}},"7":{"start":{"line":33,"column":17},"end":{"line":33,"column":41}},"8":{"start":{"line":34,"column":21},"end":{"line":34,"column":93}},"9":{"start":{"line":36,"column":19},"end":{"line":36,"column":61}},"10":{"start":{"line":39,"column":22},"end":{"line":39,"column":41}},"11":{"start":{"line":41,"column":4},"end":{"line":132,"column":5}},"12":{"start":{"line":41,"column":17},"end":{"line":41,"column":18}},"13":{"start":{"line":42,"column":22},"end":{"line":42,"column":33}},"14":{"start":{"line":45,"column":8},"end":{"line":47,"column":9}},"15":{"start":{"line":46,"column":12},"end":{"line":46,"column":21}},"16":{"start":{"line":49,"column":8},"end":{"line":52,"column":9}},"17":{"start":{"line":51,"column":12},"end":{"line":51,"column":21}},"18":{"start":{"line":54,"column":18},"end":{"line":54,"column":30}},"19":{"start":{"line":55,"column":18},"end":{"line":55,"column":31}},"20":{"start":{"line":56,"column":19},"end":{"line":56,"column":31}},"21":{"start":{"line":57,"column":8},"end":{"line":58,"column":30}},"22":{"start":{"line":58,"column":12},"end":{"line":58,"column":30}},"23":{"start":{"line":63,"column":8},"end":{"line":65,"column":9}},"24":{"start":{"line":64,"column":12},"end":{"line":64,"column":28}},"25":{"start":{"line":68,"column":8},"end":{"line":94,"column":9}},"26":{"start":{"line":70,"column":12},"end":{"line":72,"column":13}},"27":{"start":{"line":71,"column":16},"end":{"line":71,"column":25}},"28":{"start":{"line":75,"column":12},"end":{"line":82,"column":13}},"29":{"start":{"line":76,"column":16},"end":{"line":81,"column":17}},"30":{"start":{"line":77,"column":20},"end":{"line":77,"column":54}},"31":{"start":{"line":79,"column":21},"end":{"line":81,"column":17}},"32":{"start":{"line":80,"column":20},"end":{"line":80,"column":53}},"33":{"start":{"line":85,"column":12},"end":{"line":87,"column":13}},"34":{"start":{"line":86,"column":16},"end":{"line":86,"column":25}},"35":{"start":{"line":91,"column":12},"end":{"line":93,"column":13}},"36":{"start":{"line":92,"column":16},"end":{"line":92,"column":25}},"37":{"start":{"line":97,"column":8},"end":{"line":129,"column":9}},"38":{"start":{"line":98,"column":12},"end":{"line":98,"column":21}},"39":{"start":{"line":100,"column":32},"end":{"line":100,"column":47}},"40":{"start":{"line":101,"column":36},"end":{"line":101,"column":41}},"41":{"start":{"line":102,"column":12},"end":{"line":121,"column":13}},"42":{"start":{"line":102,"column":25},"end":{"line":102,"column":26}},"43":{"start":{"line":103,"column":29},"end":{"line":103,"column":45}},"44":{"start":{"line":104,"column":35},"end":{"line":104,"column":65}},"45":{"start":{"line":105,"column":32},"end":{"line":105,"column":60}},"46":{"start":{"line":106,"column":16},"end":{"line":120,"column":17}},"47":{"start":{"line":107,"column":20},"end":{"line":107,"column":45}},"48":{"start":{"line":114,"column":20},"end":{"line":119,"column":21}},"49":{"start":{"line":115,"column":24},"end":{"line":115,"column":78}},"50":{"start":{"line":118,"column":24},"end":{"line":118,"column":71}},"51":{"start":{"line":124,"column":12},"end":{"line":126,"column":13}},"52":{"start":{"line":125,"column":16},"end":{"line":125,"column":53}},"53":{"start":{"line":128,"column":12},"end":{"line":128,"column":21}},"54":{"start":{"line":131,"column":8},"end":{"line":131,"column":46}},"55":{"start":{"line":135,"column":4},"end":{"line":141,"column":5}},"56":{"start":{"line":136,"column":8},"end":{"line":140,"column":9}},"57":{"start":{"line":137,"column":12},"end":{"line":139,"column":13}},"58":{"start":{"line":138,"column":16},"end":{"line":138,"column":53}},"59":{"start":{"line":143,"column":4},"end":{"line":143,"column":18}},"60":{"start":{"line":147,"column":15},"end":{"line":147,"column":17}},"61":{"start":{"line":148,"column":17},"end":{"line":148,"column":30}},"62":{"start":{"line":149,"column":19},"end":{"line":149,"column":39}},"63":{"start":{"line":150,"column":16},"end":{"line":150,"column":35}},"64":{"start":{"line":152,"column":4},"end":{"line":154,"column":5}},"65":{"start":{"line":153,"column":8},"end":{"line":153,"column":28}},"66":{"start":{"line":156,"column":4},"end":{"line":158,"column":5}},"67":{"start":{"line":157,"column":8},"end":{"line":157,"column":28}},"68":{"start":{"line":160,"column":4},"end":{"line":160,"column":16}},"69":{"start":{"line":164,"column":4},"end":{"line":167,"column":5}},"70":{"start":{"line":165,"column":8},"end":{"line":165,"column":23}},"71":{"start":{"line":166,"column":8},"end":{"line":166,"column":22}},"72":{"start":{"line":169,"column":14},"end":{"line":169,"column":26}},"73":{"start":{"line":170,"column":18},"end":{"line":170,"column":42}},"74":{"start":{"line":172,"column":4},"end":{"line":189,"column":5}},"75":{"start":{"line":173,"column":8},"end":{"line":173,"column":30}},"76":{"start":{"line":175,"column":8},"end":{"line":186,"column":9}},"77":{"start":{"line":176,"column":12},"end":{"line":176,"column":56}},"78":{"start":{"line":184,"column":12},"end":{"line":184,"column":50}},"79":{"start":{"line":185,"column":12},"end":{"line":185,"column":64}},"80":{"start":{"line":188,"column":8},"end":{"line":188,"column":22}},"81":{"start":{"line":192,"column":4},"end":{"line":212,"column":5}},"82":{"start":{"line":193,"column":8},"end":{"line":193,"column":60}},"83":{"start":{"line":196,"column":21},"end":{"line":196,"column":31}},"84":{"start":{"line":200,"column":20},"end":{"line":200,"column":27}},"85":{"start":{"line":204,"column":8},"end":{"line":211,"column":9}},"86":{"start":{"line":205,"column":12},"end":{"line":205,"column":34}},"87":{"start":{"line":206,"column":12},"end":{"line":206,"column":70}},"88":{"start":{"line":209,"column":12},"end":{"line":209,"column":34}},"89":{"start":{"line":210,"column":12},"end":{"line":210,"column":68}},"90":{"start":{"line":214,"column":4},"end":{"line":214,"column":18}},"91":{"start":{"line":219,"column":18},"end":{"line":219,"column":37}},"92":{"start":{"line":224,"column":4},"end":{"line":248,"column":5}},"93":{"start":{"line":225,"column":19},"end":{"line":225,"column":34}},"94":{"start":{"line":226,"column":8},"end":{"line":226,"column":41}},"95":{"start":{"line":230,"column":23},"end":{"line":230,"column":34}},"96":{"start":{"line":238,"column":8},"end":{"line":247,"column":9}},"97":{"start":{"line":239,"column":12},"end":{"line":241,"column":13}},"98":{"start":{"line":240,"column":16},"end":{"line":240,"column":41}},"99":{"start":{"line":243,"column":12},"end":{"line":243,"column":36}},"100":{"start":{"line":246,"column":12},"end":{"line":246,"column":32}},"101":{"start":{"line":250,"column":4},"end":{"line":250,"column":18}},"102":{"start":{"line":255,"column":4},"end":{"line":261,"column":5}},"103":{"start":{"line":256,"column":6},"end":{"line":256,"column":48}},"104":{"start":{"line":257,"column":6},"end":{"line":257,"column":40}},"105":{"start":{"line":260,"column":6},"end":{"line":260,"column":41}},"106":{"start":{"line":263,"column":4},"end":{"line":263,"column":80}},"107":{"start":{"line":269,"column":0},"end":{"line":269,"column":27}}},"fnMap":{"0":{"name":"serialize","decl":{"start":{"line":25,"column":9},"end":{"line":25,"column":18}},"loc":{"start":{"line":25,"column":34},"end":{"line":144,"column":1}},"line":25},"1":{"name":"parse_keys","decl":{"start":{"line":146,"column":9},"end":{"line":146,"column":19}},"loc":{"start":{"line":146,"column":28},"end":{"line":161,"column":1}},"line":146},"2":{"name":"hash_assign","decl":{"start":{"line":163,"column":9},"end":{"line":163,"column":20}},"loc":{"start":{"line":163,"column":42},"end":{"line":215,"column":1}},"line":163},"3":{"name":"hash_serializer","decl":{"start":{"line":218,"column":9},"end":{"line":218,"column":24}},"loc":{"start":{"line":218,"column":45},"end":{"line":251,"column":1}},"line":218},"4":{"name":"str_serialize","decl":{"start":{"line":254,"column":9},"end":{"line":254,"column":22}},"loc":{"start":{"line":254,"column":43},"end":{"line":264,"column":1}},"line":254}},"branchMap":{"0":{"loc":{"start":{"line":26,"column":4},"end":{"line":31,"column":5}},"type":"if","locations":[{"start":{"line":26,"column":4},"end":{"line":31,"column":5}},{"start":{"line":26,"column":4},"end":{"line":31,"column":5}}],"line":26},"1":{"loc":{"start":{"line":29,"column":9},"end":{"line":31,"column":5}},"type":"if","locations":[{"start":{"line":29,"column":9},"end":{"line":31,"column":5}},{"start":{"line":29,"column":9},"end":{"line":31,"column":5}}],"line":29},"2":{"loc":{"start":{"line":33,"column":17},"end":{"line":33,"column":41}},"type":"cond-expr","locations":[{"start":{"line":33,"column":34},"end":{"line":33,"column":36}},{"start":{"line":33,"column":39},"end":{"line":33,"column":41}}],"line":33},"3":{"loc":{"start":{"line":34,"column":21},"end":{"line":34,"column":93}},"type":"binary-expr","locations":[{"start":{"line":34,"column":21},"end":{"line":34,"column":39}},{"start":{"line":34,"column":44},"end":{"line":34,"column":92}}],"line":34},"4":{"loc":{"start":{"line":34,"column":44},"end":{"line":34,"column":92}},"type":"cond-expr","locations":[{"start":{"line":34,"column":61},"end":{"line":34,"column":76}},{"start":{"line":34,"column":79},"end":{"line":34,"column":92}}],"line":34},"5":{"loc":{"start":{"line":36,"column":19},"end":{"line":36,"column":61}},"type":"cond-expr","locations":[{"start":{"line":36,"column":43},"end":{"line":36,"column":56}},{"start":{"line":36,"column":59},"end":{"line":36,"column":61}}],"line":36},"6":{"loc":{"start":{"line":36,"column":19},"end":{"line":36,"column":40}},"type":"binary-expr","locations":[{"start":{"line":36,"column":19},"end":{"line":36,"column":23}},{"start":{"line":36,"column":27},"end":{"line":36,"column":40}}],"line":36},"7":{"loc":{"start":{"line":45,"column":8},"end":{"line":47,"column":9}},"type":"if","locations":[{"start":{"line":45,"column":8},"end":{"line":47,"column":9}},{"start":{"line":45,"column":8},"end":{"line":47,"column":9}}],"line":45},"8":{"loc":{"start":{"line":45,"column":12},"end":{"line":45,"column":68}},"type":"binary-expr","locations":[{"start":{"line":45,"column":13},"end":{"line":45,"column":30}},{"start":{"line":45,"column":34},"end":{"line":45,"column":50}},{"start":{"line":45,"column":55},"end":{"line":45,"column":68}}],"line":45},"9":{"loc":{"start":{"line":49,"column":8},"end":{"line":52,"column":9}},"type":"if","locations":[{"start":{"line":49,"column":8},"end":{"line":52,"column":9}},{"start":{"line":49,"column":8},"end":{"line":52,"column":9}}],"line":49},"10":{"loc":{"start":{"line":49,"column":12},"end":{"line":50,"column":44}},"type":"binary-expr","locations":[{"start":{"line":49,"column":12},"end":{"line":49,"column":55}},{"start":{"line":50,"column":12},"end":{"line":50,"column":44}}],"line":49},"11":{"loc":{"start":{"line":57,"column":8},"end":{"line":58,"column":30}},"type":"if","locations":[{"start":{"line":57,"column":8},"end":{"line":58,"column":30}},{"start":{"line":57,"column":8},"end":{"line":58,"column":30}}],"line":57},"12":{"loc":{"start":{"line":57,"column":12},"end":{"line":57,"column":49}},"type":"binary-expr","locations":[{"start":{"line":57,"column":12},"end":{"line":57,"column":29}},{"start":{"line":57,"column":33},"end":{"line":57,"column":49}}],"line":57},"13":{"loc":{"start":{"line":63,"column":8},"end":{"line":65,"column":9}},"type":"if","locations":[{"start":{"line":63,"column":8},"end":{"line":65,"column":9}},{"start":{"line":63,"column":8},"end":{"line":65,"column":9}}],"line":63},"14":{"loc":{"start":{"line":63,"column":12},"end":{"line":63,"column":89}},"type":"binary-expr","locations":[{"start":{"line":63,"column":13},"end":{"line":63,"column":40}},{"start":{"line":63,"column":44},"end":{"line":63,"column":68}},{"start":{"line":63,"column":73},"end":{"line":63,"column":89}}],"line":63},"15":{"loc":{"start":{"line":68,"column":8},"end":{"line":94,"column":9}},"type":"if","locations":[{"start":{"line":68,"column":8},"end":{"line":94,"column":9}},{"start":{"line":68,"column":8},"end":{"line":94,"column":9}}],"line":68},"16":{"loc":{"start":{"line":70,"column":12},"end":{"line":72,"column":13}},"type":"if","locations":[{"start":{"line":70,"column":12},"end":{"line":72,"column":13}},{"start":{"line":70,"column":12},"end":{"line":72,"column":13}}],"line":70},"17":{"loc":{"start":{"line":70,"column":16},"end":{"line":70,"column":63}},"type":"binary-expr","locations":[{"start":{"line":70,"column":16},"end":{"line":70,"column":43}},{"start":{"line":70,"column":47},"end":{"line":70,"column":63}}],"line":70},"18":{"loc":{"start":{"line":75,"column":12},"end":{"line":82,"column":13}},"type":"if","locations":[{"start":{"line":75,"column":12},"end":{"line":82,"column":13}},{"start":{"line":75,"column":12},"end":{"line":82,"column":13}}],"line":75},"19":{"loc":{"start":{"line":76,"column":16},"end":{"line":81,"column":17}},"type":"if","locations":[{"start":{"line":76,"column":16},"end":{"line":81,"column":17}},{"start":{"line":76,"column":16},"end":{"line":81,"column":17}}],"line":76},"20":{"loc":{"start":{"line":76,"column":20},"end":{"line":76,"column":66}},"type":"binary-expr","locations":[{"start":{"line":76,"column":20},"end":{"line":76,"column":46}},{"start":{"line":76,"column":50},"end":{"line":76,"column":66}}],"line":76},"21":{"loc":{"start":{"line":79,"column":21},"end":{"line":81,"column":17}},"type":"if","locations":[{"start":{"line":79,"column":21},"end":{"line":81,"column":17}},{"start":{"line":79,"column":21},"end":{"line":81,"column":17}}],"line":79},"22":{"loc":{"start":{"line":85,"column":12},"end":{"line":87,"column":13}},"type":"if","locations":[{"start":{"line":85,"column":12},"end":{"line":87,"column":13}},{"start":{"line":85,"column":12},"end":{"line":87,"column":13}}],"line":85},"23":{"loc":{"start":{"line":85,"column":16},"end":{"line":85,"column":59}},"type":"binary-expr","locations":[{"start":{"line":85,"column":16},"end":{"line":85,"column":32}},{"start":{"line":85,"column":36},"end":{"line":85,"column":59}}],"line":85},"24":{"loc":{"start":{"line":91,"column":12},"end":{"line":93,"column":13}},"type":"if","locations":[{"start":{"line":91,"column":12},"end":{"line":93,"column":13}},{"start":{"line":91,"column":12},"end":{"line":93,"column":13}}],"line":91},"25":{"loc":{"start":{"line":97,"column":8},"end":{"line":129,"column":9}},"type":"if","locations":[{"start":{"line":97,"column":8},"end":{"line":129,"column":9}},{"start":{"line":97,"column":8},"end":{"line":129,"column":9}}],"line":97},"26":{"loc":{"start":{"line":104,"column":35},"end":{"line":104,"column":65}},"type":"binary-expr","locations":[{"start":{"line":104,"column":35},"end":{"line":104,"column":48}},{"start":{"line":104,"column":52},"end":{"line":104,"column":65}}],"line":104},"27":{"loc":{"start":{"line":105,"column":32},"end":{"line":105,"column":60}},"type":"binary-expr","locations":[{"start":{"line":105,"column":32},"end":{"line":105,"column":44}},{"start":{"line":105,"column":48},"end":{"line":105,"column":60}}],"line":105},"28":{"loc":{"start":{"line":106,"column":16},"end":{"line":120,"column":17}},"type":"if","locations":[{"start":{"line":106,"column":16},"end":{"line":120,"column":17}},{"start":{"line":106,"column":16},"end":{"line":120,"column":17}}],"line":106},"29":{"loc":{"start":{"line":106,"column":20},"end":{"line":106,"column":47}},"type":"binary-expr","locations":[{"start":{"line":106,"column":20},"end":{"line":106,"column":35}},{"start":{"line":106,"column":39},"end":{"line":106,"column":47}}],"line":106},"30":{"loc":{"start":{"line":114,"column":20},"end":{"line":119,"column":21}},"type":"if","locations":[{"start":{"line":114,"column":20},"end":{"line":119,"column":21}},{"start":{"line":114,"column":20},"end":{"line":119,"column":21}}],"line":114},"31":{"loc":{"start":{"line":114,"column":24},"end":{"line":114,"column":74}},"type":"binary-expr","locations":[{"start":{"line":114,"column":24},"end":{"line":114,"column":36}},{"start":{"line":114,"column":40},"end":{"line":114,"column":74}}],"line":114},"32":{"loc":{"start":{"line":124,"column":12},"end":{"line":126,"column":13}},"type":"if","locations":[{"start":{"line":124,"column":12},"end":{"line":126,"column":13}},{"start":{"line":124,"column":12},"end":{"line":126,"column":13}}],"line":124},"33":{"loc":{"start":{"line":124,"column":16},"end":{"line":124,"column":51}},"type":"binary-expr","locations":[{"start":{"line":124,"column":16},"end":{"line":124,"column":34}},{"start":{"line":124,"column":38},"end":{"line":124,"column":51}}],"line":124},"34":{"loc":{"start":{"line":135,"column":4},"end":{"line":141,"column":5}},"type":"if","locations":[{"start":{"line":135,"column":4},"end":{"line":141,"column":5}},{"start":{"line":135,"column":4},"end":{"line":141,"column":5}}],"line":135},"35":{"loc":{"start":{"line":137,"column":12},"end":{"line":139,"column":13}},"type":"if","locations":[{"start":{"line":137,"column":12},"end":{"line":139,"column":13}},{"start":{"line":137,"column":12},"end":{"line":139,"column":13}}],"line":137},"36":{"loc":{"start":{"line":152,"column":4},"end":{"line":154,"column":5}},"type":"if","locations":[{"start":{"line":152,"column":4},"end":{"line":154,"column":5}},{"start":{"line":152,"column":4},"end":{"line":154,"column":5}}],"line":152},"37":{"loc":{"start":{"line":164,"column":4},"end":{"line":167,"column":5}},"type":"if","locations":[{"start":{"line":164,"column":4},"end":{"line":167,"column":5}},{"start":{"line":164,"column":4},"end":{"line":167,"column":5}}],"line":164},"38":{"loc":{"start":{"line":172,"column":4},"end":{"line":189,"column":5}},"type":"if","locations":[{"start":{"line":172,"column":4},"end":{"line":189,"column":5}},{"start":{"line":172,"column":4},"end":{"line":189,"column":5}}],"line":172},"39":{"loc":{"start":{"line":173,"column":17},"end":{"line":173,"column":29}},"type":"binary-expr","locations":[{"start":{"line":173,"column":17},"end":{"line":173,"column":23}},{"start":{"line":173,"column":27},"end":{"line":173,"column":29}}],"line":173},"40":{"loc":{"start":{"line":175,"column":8},"end":{"line":186,"column":9}},"type":"if","locations":[{"start":{"line":175,"column":8},"end":{"line":186,"column":9}},{"start":{"line":175,"column":8},"end":{"line":186,"column":9}}],"line":175},"41":{"loc":{"start":{"line":184,"column":29},"end":{"line":184,"column":49}},"type":"binary-expr","locations":[{"start":{"line":184,"column":29},"end":{"line":184,"column":43}},{"start":{"line":184,"column":47},"end":{"line":184,"column":49}}],"line":184},"42":{"loc":{"start":{"line":192,"column":4},"end":{"line":212,"column":5}},"type":"if","locations":[{"start":{"line":192,"column":4},"end":{"line":212,"column":5}},{"start":{"line":192,"column":4},"end":{"line":212,"column":5}}],"line":192},"43":{"loc":{"start":{"line":204,"column":8},"end":{"line":211,"column":9}},"type":"if","locations":[{"start":{"line":204,"column":8},"end":{"line":211,"column":9}},{"start":{"line":204,"column":8},"end":{"line":211,"column":9}}],"line":204},"44":{"loc":{"start":{"line":205,"column":21},"end":{"line":205,"column":33}},"type":"binary-expr","locations":[{"start":{"line":205,"column":21},"end":{"line":205,"column":27}},{"start":{"line":205,"column":31},"end":{"line":205,"column":33}}],"line":205},"45":{"loc":{"start":{"line":209,"column":21},"end":{"line":209,"column":33}},"type":"binary-expr","locations":[{"start":{"line":209,"column":21},"end":{"line":209,"column":27}},{"start":{"line":209,"column":31},"end":{"line":209,"column":33}}],"line":209},"46":{"loc":{"start":{"line":224,"column":4},"end":{"line":248,"column":5}},"type":"if","locations":[{"start":{"line":224,"column":4},"end":{"line":248,"column":5}},{"start":{"line":224,"column":4},"end":{"line":248,"column":5}}],"line":224},"47":{"loc":{"start":{"line":238,"column":8},"end":{"line":247,"column":9}},"type":"if","locations":[{"start":{"line":238,"column":8},"end":{"line":247,"column":9}},{"start":{"line":238,"column":8},"end":{"line":247,"column":9}}],"line":238},"48":{"loc":{"start":{"line":239,"column":12},"end":{"line":241,"column":13}},"type":"if","locations":[{"start":{"line":239,"column":12},"end":{"line":241,"column":13}},{"start":{"line":239,"column":12},"end":{"line":241,"column":13}}],"line":239},"49":{"loc":{"start":{"line":255,"column":4},"end":{"line":261,"column":5}},"type":"if","locations":[{"start":{"line":255,"column":4},"end":{"line":261,"column":5}},{"start":{"line":255,"column":4},"end":{"line":261,"column":5}}],"line":255},"50":{"loc":{"start":{"line":263,"column":21},"end":{"line":263,"column":38}},"type":"cond-expr","locations":[{"start":{"line":263,"column":30},"end":{"line":263,"column":33}},{"start":{"line":263,"column":36},"end":{"line":263,"column":38}}],"line":263}},"s":{"0":1,"1":1,"2":1,"3":93,"4":27,"5":66,"6":1,"7":93,"8":93,"9":93,"10":93,"11":93,"12":93,"13":171,"14":171,"15":9,"16":162,"17":4,"18":158,"19":158,"20":158,"21":158,"22":5,"23":158,"24":34,"25":158,"26":46,"27":4,"28":46,"29":12,"30":4,"31":8,"32":4,"33":46,"34":8,"35":112,"36":35,"37":115,"38":9,"39":9,"40":9,"41":9,"42":9,"43":33,"44":33,"45":33,"46":33,"47":17,"48":17,"49":13,"50":4,"51":9,"52":2,"53":9,"54":106,"55":93,"56":31,"57":6,"58":2,"59":93,"60":49,"61":49,"62":49,"63":49,"64":49,"65":47,"66":49,"67":82,"68":49,"69":178,"70":49,"71":49,"72":129,"73":129,"74":129,"75":28,"76":28,"77":27,"78":1,"79":1,"80":28,"81":101,"82":47,"83":54,"84":54,"85":54,"86":47,"87":47,"88":7,"89":7,"90":101,"91":77,"92":77,"93":49,"94":49,"95":28,"96":28,"97":3,"98":2,"99":3,"100":25,"101":77,"102":49,"103":46,"104":46,"105":46,"106":49,"107":1},"f":{"0":93,"1":49,"2":178,"3":77,"4":49},"b":{"0":[27,66],"1":[1,65],"2":[50,43],"3":[93,92],"4":[49,43],"5":[85,8],"6":[93,89],"7":[9,162],"8":[171,121,167],"9":[4,158],"10":[162,162],"11":[5,153],"12":[158,5],"13":[34,124],"14":[158,117,75],"15":[46,112],"16":[4,42],"17":[46,12],"18":[12,34],"19":[4,8],"20":[12,8],"21":[4,4],"22":[8,38],"23":[46,8],"24":[35,77],"25":[9,106],"26":[33,13],"27":[33,4],"28":[17,16],"29":[33,18],"30":[13,4],"31":[17,15],"32":[2,7],"33":[9,2],"34":[31,62],"35":[2,4],"36":[47,2],"37":[49,129],"38":[28,101],"39":[28,11],"40":[27,1],"41":[1,1],"42":[47,54],"43":[47,7],"44":[47,21],"45":[7,1],"46":[49,28],"47":[3,25],"48":[2,1],"49":[46,3],"50":[20,29]},"_coverageSchema":"1a1c01bbd47fc00a2c39e90264f33305004495a9","hash":"2e57feb99b4597731cb211da14120a6f74342b14"}
}
