TN:
SF:serialize.js
FN:25,serialize
FN:146,parse_keys
FN:163,hash_assign
FN:218,hash_serializer
FN:254,str_serialize
FNF:5
FNH:5
FNDA:93,serialize
FNDA:49,parse_keys
FNDA:178,hash_assign
FNDA:77,hash_serializer
FNDA:49,str_serialize
DA:6,1
DA:9,1
DA:12,1
DA:26,93
DA:27,27
DA:29,66
DA:30,1
DA:33,93
DA:34,93
DA:36,93
DA:39,93
DA:41,93
DA:42,171
DA:45,171
DA:46,9
DA:49,162
DA:51,4
DA:54,158
DA:55,158
DA:56,158
DA:57,158
DA:58,5
DA:63,158
DA:64,34
DA:68,158
DA:70,46
DA:71,4
DA:75,46
DA:76,12
DA:77,4
DA:79,8
DA:80,4
DA:85,46
DA:86,8
DA:91,112
DA:92,35
DA:97,115
DA:98,9
DA:100,9
DA:101,9
DA:102,9
DA:103,33
DA:104,33
DA:105,33
DA:106,33
DA:107,17
DA:114,17
DA:115,13
DA:118,4
DA:124,9
DA:125,2
DA:128,9
DA:131,106
DA:135,93
DA:136,31
DA:137,6
DA:138,2
DA:143,93
DA:147,49
DA:148,49
DA:149,49
DA:150,49
DA:152,49
DA:153,47
DA:156,49
DA:157,82
DA:160,49
DA:164,178
DA:165,49
DA:166,49
DA:169,129
DA:170,129
DA:172,129
DA:173,28
DA:175,28
DA:176,27
DA:184,1
DA:185,1
DA:188,28
DA:192,101
DA:193,47
DA:196,54
DA:200,54
DA:204,54
DA:205,47
DA:206,47
DA:209,7
DA:210,7
DA:214,101
DA:219,77
DA:224,77
DA:225,49
DA:226,49
DA:230,28
DA:238,28
DA:239,3
DA:240,2
DA:243,3
DA:246,25
DA:250,77
DA:255,49
DA:256,46
DA:257,46
DA:260,46
DA:263,49
DA:269,1
LF:106
LH:106
BRDA:26,0,0,27
BRDA:26,0,1,66
BRDA:29,1,0,1
BRDA:29,1,1,65
BRDA:33,2,0,50
BRDA:33,2,1,43
BRDA:34,3,0,93
BRDA:34,3,1,92
BRDA:34,4,0,49
BRDA:34,4,1,43
BRDA:36,5,0,85
BRDA:36,5,1,8
BRDA:36,6,0,93
BRDA:36,6,1,89
BRDA:45,7,0,9
BRDA:45,7,1,162
BRDA:45,8,0,171
BRDA:45,8,1,121
BRDA:45,8,2,167
BRDA:49,9,0,4
BRDA:49,9,1,158
BRDA:49,10,0,162
BRDA:49,10,1,162
BRDA:57,11,0,5
BRDA:57,11,1,153
BRDA:57,12,0,158
BRDA:57,12,1,5
BRDA:63,13,0,34
BRDA:63,13,1,124
BRDA:63,14,0,158
BRDA:63,14,1,117
BRDA:63,14,2,75
BRDA:68,15,0,46
BRDA:68,15,1,112
BRDA:70,16,0,4
BRDA:70,16,1,42
BRDA:70,17,0,46
BRDA:70,17,1,12
BRDA:75,18,0,12
BRDA:75,18,1,34
BRDA:76,19,0,4
BRDA:76,19,1,8
BRDA:76,20,0,12
BRDA:76,20,1,8
BRDA:79,21,0,4
BRDA:79,21,1,4
BRDA:85,22,0,8
BRDA:85,22,1,38
BRDA:85,23,0,46
BRDA:85,23,1,8
BRDA:91,24,0,35
BRDA:91,24,1,77
BRDA:97,25,0,9
BRDA:97,25,1,106
BRDA:104,26,0,33
BRDA:104,26,1,13
BRDA:105,27,0,33
BRDA:105,27,1,4
BRDA:106,28,0,17
BRDA:106,28,1,16
BRDA:106,29,0,33
BRDA:106,29,1,18
BRDA:114,30,0,13
BRDA:114,30,1,4
BRDA:114,31,0,17
BRDA:114,31,1,15
BRDA:124,32,0,2
BRDA:124,32,1,7
BRDA:124,33,0,9
BRDA:124,33,1,2
BRDA:135,34,0,31
BRDA:135,34,1,62
BRDA:137,35,0,2
BRDA:137,35,1,4
BRDA:152,36,0,47
BRDA:152,36,1,2
BRDA:164,37,0,49
BRDA:164,37,1,129
BRDA:172,38,0,28
BRDA:172,38,1,101
BRDA:173,39,0,28
BRDA:173,39,1,11
BRDA:175,40,0,27
BRDA:175,40,1,1
BRDA:184,41,0,1
BRDA:184,41,1,1
BRDA:192,42,0,47
BRDA:192,42,1,54
BRDA:204,43,0,47
BRDA:204,43,1,7
BRDA:205,44,0,47
BRDA:205,44,1,21
BRDA:209,45,0,7
BRDA:209,45,1,1
BRDA:224,46,0,49
BRDA:224,46,1,28
BRDA:238,47,0,3
BRDA:238,47,1,25
BRDA:239,48,0,2
BRDA:239,48,1,1
BRDA:255,49,0,46
BRDA:255,49,1,3
BRDA:263,50,0,20
BRDA:263,50,1,29
BRF:104
BRH:104
end_of_record
