TN:
SF:serialize.js
FN:25,serialize
FN:142,hash_serializer
FN:175,parse_keys
FN:191,hash_assign
FN:246,str_serialize
FNF:5
FNH:5
FNDA:110,serialize
FNDA:104,hash_serializer
FNDA:63,parse_keys
FNDA:229,hash_assign
FNDA:49,str_serialize
DA:6,1
DA:9,1
DA:12,1
DA:26,110
DA:27,27
DA:29,83
DA:30,1
DA:33,110
DA:34,110
DA:36,110
DA:39,110
DA:41,110
DA:44,198
DA:45,9
DA:48,189
DA:50,4
DA:53,185
DA:54,185
DA:55,185
DA:57,185
DA:59,6
DA:60,6
DA:61,6
DA:63,47
DA:64,6
DA:65,0
DA:67,6
DA:70,41
DA:71,13
DA:74,47
DA:77,40
DA:78,10
DA:80,30
DA:81,15
DA:83,40
DA:84,25
DA:85,25
DA:87,15
DA:91,13
DA:92,2
DA:94,11
DA:95,11
DA:96,11
DA:97,11
DA:98,42
DA:99,42
DA:100,42
DA:101,21
DA:108,21
DA:109,17
DA:112,4
DA:118,11
DA:119,3
DA:121,11
DA:124,147
DA:125,20
DA:127,127
DA:131,110
DA:132,48
DA:133,9
DA:134,3
DA:138,110
DA:143,104
DA:148,104
DA:149,63
DA:150,63
DA:154,41
DA:162,41
DA:163,3
DA:164,2
DA:167,3
DA:170,38
DA:173,104
DA:176,63
DA:177,63
DA:178,63
DA:179,63
DA:181,63
DA:182,61
DA:185,63
DA:186,105
DA:188,63
DA:192,229
DA:193,63
DA:194,63
DA:197,166
DA:198,166
DA:200,166
DA:201,35
DA:203,35
DA:204,34
DA:212,1
DA:213,1
DA:216,35
DA:220,131
DA:221,61
DA:224,70
DA:228,70
DA:232,70
DA:233,63
DA:234,63
DA:237,7
DA:238,7
DA:241,131
DA:247,49
DA:248,46
DA:249,46
DA:252,46
DA:255,49
DA:258,1
LF:110
LH:109
BRDA:26,0,0,27
BRDA:26,0,1,83
BRDA:29,1,0,1
BRDA:29,1,1,82
BRDA:33,2,0,67
BRDA:33,2,1,43
BRDA:34,3,0,110
BRDA:34,3,1,109
BRDA:34,4,0,66
BRDA:34,4,1,43
BRDA:36,5,0,100
BRDA:36,5,1,10
BRDA:36,6,0,110
BRDA:36,6,1,105
BRDA:44,7,0,9
BRDA:44,7,1,189
BRDA:44,8,0,198
BRDA:44,8,1,121
BRDA:44,8,2,194
BRDA:48,9,0,4
BRDA:48,9,1,185
BRDA:48,10,0,189
BRDA:48,10,1,189
BRDA:57,11,0,6
BRDA:57,11,1,47
BRDA:57,11,2,40
BRDA:57,11,3,13
BRDA:59,12,0,6
BRDA:59,12,1,0
BRDA:63,13,0,6
BRDA:63,13,1,41
BRDA:64,14,0,0
BRDA:64,14,1,6
BRDA:70,15,0,13
BRDA:70,15,1,28
BRDA:77,16,0,10
BRDA:77,16,1,30
BRDA:77,17,0,40
BRDA:77,17,1,25
BRDA:80,18,0,15
BRDA:80,18,1,15
BRDA:83,19,0,25
BRDA:83,19,1,15
BRDA:91,20,0,2
BRDA:91,20,1,11
BRDA:91,21,0,13
BRDA:91,21,1,8
BRDA:91,22,0,13
BRDA:91,22,1,10
BRDA:98,23,0,42
BRDA:98,23,1,29
BRDA:98,23,2,22
BRDA:99,24,0,42
BRDA:99,24,1,6
BRDA:100,25,0,21
BRDA:100,25,1,21
BRDA:100,26,0,42
BRDA:100,26,1,22
BRDA:108,27,0,17
BRDA:108,27,1,4
BRDA:108,28,0,21
BRDA:108,28,1,19
BRDA:118,29,0,3
BRDA:118,29,1,8
BRDA:118,30,0,11
BRDA:118,30,1,3
BRDA:118,30,2,1
BRDA:124,31,0,20
BRDA:124,31,1,127
BRDA:124,32,0,147
BRDA:124,32,1,91
BRDA:124,33,0,147
BRDA:124,33,1,112
BRDA:131,34,0,48
BRDA:131,34,1,62
BRDA:131,35,0,110
BRDA:131,35,1,79
BRDA:133,36,0,3
BRDA:133,36,1,6
BRDA:148,37,0,63
BRDA:148,37,1,41
BRDA:162,38,0,3
BRDA:162,38,1,38
BRDA:163,39,0,2
BRDA:163,39,1,1
BRDA:181,40,0,61
BRDA:181,40,1,2
BRDA:192,41,0,63
BRDA:192,41,1,166
BRDA:200,42,0,35
BRDA:200,42,1,131
BRDA:201,43,0,35
BRDA:201,43,1,13
BRDA:203,44,0,34
BRDA:203,44,1,1
BRDA:212,45,0,1
BRDA:212,45,1,1
BRDA:220,46,0,61
BRDA:220,46,1,70
BRDA:232,47,0,63
BRDA:232,47,1,7
BRDA:233,48,0,63
BRDA:233,48,1,26
BRDA:237,49,0,7
BRDA:237,49,1,1
BRDA:247,50,0,46
BRDA:247,50,1,3
BRDA:255,51,0,20
BRDA:255,51,1,29
BRF:109
BRH:107
end_of_record
